plot2-layer-mark.png
plot2-layer-size.png
plot2-layer-sizexy.png
plot2-layer-xyvector.png
plot2-layer-xyerror.png
plot2-layer-xyellipse.png
plot2-layer-skyellipse.png
plot2-layer-line.png
plot2-layer-linearfit.png
plot2-layer-label.png
plot2-layer-contour.png
plot2-layer-grid.png
plot2-layer-fill.png
plot2-layer-quantile.png
plot2-layer-skyvector.png
plot2-layer-histogram.png
plot2-layer-kde.png
plot2-layer-knn.png
plot2-layer-densogram.png
plot2-layer-gaussian.png
plot2-layer-skydensity.png
plot2-layer-healpix.png
plot2-layer-xyzvector.png
plot2-layer-xyzerror.png
plot2-layer-spectrogram.png
plot2-layer-yerror.png
plot2-layer-mark2.png
plot2-layer-link2.png
plot2-layer-function.png
plot2-shading-flat.png
plot2-shading-auto.png
plot2-shading-transparent.png
plot2-shading-translucent.png
plot2-shading-density.png
plot2-shading-aux.png
plot2-shading-weighted.png
